{"D:\\Kuliah\\MBKM\\Sem5-Alterra\\Code\\17_React-Testing\\praktikum\\src\\components\\product-edit-modal.jsx": {"path":"D:\\Kuliah\\MBKM\\Sem5-Alterra\\Code\\17_React-Testing\\praktikum\\src\\components\\product-edit-modal.jsx","statementMap":{"0":{"start":{"line":9,"column":18},"end":{"line":9,"column":31}},"1":{"start":{"line":16,"column":5},"end":{"line":16,"column":14}},"2":{"start":{"line":18,"column":30},"end":{"line":29,"column":3}},"3":{"start":{"line":19,"column":2},"end":{"line":28,"column":3}},"4":{"start":{"line":20,"column":3},"end":{"line":25,"column":5}},"5":{"start":{"line":26,"column":3},"end":{"line":26,"column":23}},"6":{"start":{"line":27,"column":3},"end":{"line":27,"column":20}},"7":{"start":{"line":31,"column":27},"end":{"line":33,"column":2}},"8":{"start":{"line":32,"column":2},"end":{"line":32,"column":44}},"9":{"start":{"line":35,"column":26},"end":{"line":39,"column":2}},"10":{"start":{"line":36,"column":2},"end":{"line":36,"column":22}},"11":{"start":{"line":37,"column":2},"end":{"line":37,"column":19}},"12":{"start":{"line":38,"column":2},"end":{"line":38,"column":10}},"13":{"start":{"line":41,"column":1},"end":{"line":381,"column":3}},"14":{"start":{"line":60,"column":21},"end":{"line":60,"column":40}},"15":{"start":{"line":119,"column":12},"end":{"line":133,"column":18}},"16":{"start":{"line":152,"column":12},"end":{"line":162,"column":21}},"17":{"start":{"line":180,"column":12},"end":{"line":202,"column":18}},"18":{"start":{"line":192,"column":28},"end":{"line":192,"column":45}},"19":{"start":{"line":193,"column":15},"end":{"line":199,"column":16}},"20":{"start":{"line":194,"column":31},"end":{"line":194,"column":47}},"21":{"start":{"line":195,"column":16},"end":{"line":197,"column":18}},"22":{"start":{"line":196,"column":17},"end":{"line":196,"column":47}},"23":{"start":{"line":198,"column":16},"end":{"line":198,"column":43}},"24":{"start":{"line":229,"column":12},"end":{"line":243,"column":18}},"25":{"start":{"line":264,"column":12},"end":{"line":318,"column":18}},"26":{"start":{"line":271,"column":32},"end":{"line":271,"column":62}},"27":{"start":{"line":287,"column":32},"end":{"line":287,"column":62}},"28":{"start":{"line":303,"column":32},"end":{"line":303,"column":62}},"29":{"start":{"line":341,"column":12},"end":{"line":355,"column":18}}},"fnMap":{"0":{"name":"ProductEditModal","decl":{"start":{"line":8,"column":9},"end":{"line":8,"column":25}},"loc":{"start":{"line":8,"column":76},"end":{"line":382,"column":1}},"line":8},"1":{"name":"(anonymous_1)","decl":{"start":{"line":18,"column":43},"end":{"line":18,"column":44}},"loc":{"start":{"line":18,"column":53},"end":{"line":29,"column":2}},"line":18},"2":{"name":"(anonymous_2)","decl":{"start":{"line":31,"column":27},"end":{"line":31,"column":28}},"loc":{"start":{"line":31,"column":38},"end":{"line":33,"column":2}},"line":31},"3":{"name":"(anonymous_3)","decl":{"start":{"line":35,"column":26},"end":{"line":35,"column":27}},"loc":{"start":{"line":35,"column":32},"end":{"line":39,"column":2}},"line":35},"4":{"name":"(anonymous_4)","decl":{"start":{"line":60,"column":14},"end":{"line":60,"column":15}},"loc":{"start":{"line":60,"column":21},"end":{"line":60,"column":40}},"line":60},"5":{"name":"(anonymous_5)","decl":{"start":{"line":118,"column":19},"end":{"line":118,"column":20}},"loc":{"start":{"line":119,"column":12},"end":{"line":133,"column":18}},"line":119},"6":{"name":"(anonymous_6)","decl":{"start":{"line":151,"column":19},"end":{"line":151,"column":20}},"loc":{"start":{"line":152,"column":12},"end":{"line":162,"column":21}},"line":152},"7":{"name":"(anonymous_7)","decl":{"start":{"line":179,"column":19},"end":{"line":179,"column":20}},"loc":{"start":{"line":180,"column":12},"end":{"line":202,"column":18}},"line":180},"8":{"name":"(anonymous_8)","decl":{"start":{"line":191,"column":24},"end":{"line":191,"column":25}},"loc":{"start":{"line":191,"column":31},"end":{"line":200,"column":15}},"line":191},"9":{"name":"(anonymous_9)","decl":{"start":{"line":195,"column":35},"end":{"line":195,"column":36}},"loc":{"start":{"line":195,"column":41},"end":{"line":197,"column":17}},"line":195},"10":{"name":"(anonymous_10)","decl":{"start":{"line":228,"column":19},"end":{"line":228,"column":20}},"loc":{"start":{"line":229,"column":12},"end":{"line":243,"column":18}},"line":229},"11":{"name":"(anonymous_11)","decl":{"start":{"line":263,"column":19},"end":{"line":263,"column":20}},"loc":{"start":{"line":264,"column":12},"end":{"line":318,"column":18}},"line":264},"12":{"name":"(anonymous_12)","decl":{"start":{"line":271,"column":25},"end":{"line":271,"column":26}},"loc":{"start":{"line":271,"column":32},"end":{"line":271,"column":62}},"line":271},"13":{"name":"(anonymous_13)","decl":{"start":{"line":287,"column":25},"end":{"line":287,"column":26}},"loc":{"start":{"line":287,"column":32},"end":{"line":287,"column":62}},"line":287},"14":{"name":"(anonymous_14)","decl":{"start":{"line":303,"column":25},"end":{"line":303,"column":26}},"loc":{"start":{"line":303,"column":32},"end":{"line":303,"column":62}},"line":303},"15":{"name":"(anonymous_15)","decl":{"start":{"line":340,"column":19},"end":{"line":340,"column":20}},"loc":{"start":{"line":341,"column":12},"end":{"line":355,"column":18}},"line":341}},"branchMap":{"0":{"loc":{"start":{"line":19,"column":2},"end":{"line":28,"column":3}},"type":"if","locations":[{"start":{"line":19,"column":2},"end":{"line":28,"column":3}},{"start":{},"end":{}}],"line":19},"1":{"loc":{"start":{"line":32,"column":9},"end":{"line":32,"column":43}},"type":"binary-expr","locations":[{"start":{"line":32,"column":9},"end":{"line":32,"column":16}},{"start":{"line":32,"column":20},"end":{"line":32,"column":43}}],"line":32},"2":{"loc":{"start":{"line":43,"column":28},"end":{"line":43,"column":51}},"type":"cond-expr","locations":[{"start":{"line":43,"column":40},"end":{"line":43,"column":46}},{"start":{"line":43,"column":49},"end":{"line":43,"column":51}}],"line":43},"3":{"loc":{"start":{"line":45,"column":13},"end":{"line":45,"column":41}},"type":"cond-expr","locations":[{"start":{"line":45,"column":25},"end":{"line":45,"column":32}},{"start":{"line":45,"column":35},"end":{"line":45,"column":41}}],"line":45},"4":{"loc":{"start":{"line":123,"column":15},"end":{"line":123,"column":46}},"type":"cond-expr","locations":[{"start":{"line":123,"column":29},"end":{"line":123,"column":41}},{"start":{"line":123,"column":44},"end":{"line":123,"column":46}}],"line":123},"5":{"loc":{"start":{"line":128,"column":14},"end":{"line":132,"column":14}},"type":"binary-expr","locations":[{"start":{"line":128,"column":14},"end":{"line":128,"column":25}},{"start":{"line":129,"column":14},"end":{"line":131,"column":20}}],"line":128},"6":{"loc":{"start":{"line":154,"column":14},"end":{"line":154,"column":49}},"type":"cond-expr","locations":[{"start":{"line":154,"column":32},"end":{"line":154,"column":44}},{"start":{"line":154,"column":47},"end":{"line":154,"column":49}}],"line":154},"7":{"loc":{"start":{"line":165,"column":11},"end":{"line":169,"column":11}},"type":"binary-expr","locations":[{"start":{"line":165,"column":11},"end":{"line":165,"column":26}},{"start":{"line":166,"column":11},"end":{"line":168,"column":17}}],"line":165},"8":{"loc":{"start":{"line":193,"column":15},"end":{"line":199,"column":16}},"type":"if","locations":[{"start":{"line":193,"column":15},"end":{"line":199,"column":16}},{"start":{},"end":{}}],"line":193},"9":{"loc":{"start":{"line":233,"column":15},"end":{"line":233,"column":47}},"type":"cond-expr","locations":[{"start":{"line":233,"column":30},"end":{"line":233,"column":42}},{"start":{"line":233,"column":45},"end":{"line":233,"column":47}}],"line":233},"10":{"loc":{"start":{"line":238,"column":14},"end":{"line":242,"column":14}},"type":"binary-expr","locations":[{"start":{"line":238,"column":14},"end":{"line":238,"column":26}},{"start":{"line":239,"column":14},"end":{"line":241,"column":20}}],"line":238},"11":{"loc":{"start":{"line":313,"column":14},"end":{"line":317,"column":14}},"type":"binary-expr","locations":[{"start":{"line":313,"column":14},"end":{"line":313,"column":30}},{"start":{"line":314,"column":14},"end":{"line":316,"column":20}}],"line":313},"12":{"loc":{"start":{"line":344,"column":15},"end":{"line":344,"column":53}},"type":"cond-expr","locations":[{"start":{"line":344,"column":36},"end":{"line":344,"column":48}},{"start":{"line":344,"column":51},"end":{"line":344,"column":53}}],"line":344},"13":{"loc":{"start":{"line":350,"column":14},"end":{"line":354,"column":14}},"type":"binary-expr","locations":[{"start":{"line":350,"column":14},"end":{"line":350,"column":32}},{"start":{"line":351,"column":14},"end":{"line":353,"column":20}}],"line":350}},"s":{"0":0,"1":0,"2":0,"3":0,"4":0,"5":0,"6":0,"7":0,"8":0,"9":0,"10":0,"11":0,"12":0,"13":0,"14":0,"15":0,"16":0,"17":0,"18":0,"19":0,"20":0,"21":0,"22":0,"23":0,"24":0,"25":0,"26":0,"27":0,"28":0,"29":0},"f":{"0":0,"1":0,"2":0,"3":0,"4":0,"5":0,"6":0,"7":0,"8":0,"9":0,"10":0,"11":0,"12":0,"13":0,"14":0,"15":0},"b":{"0":[0,0],"1":[0,0],"2":[0,0],"3":[0,0],"4":[0,0],"5":[0,0],"6":[0,0],"7":[0,0],"8":[0,0],"9":[0,0],"10":[0,0],"11":[0,0],"12":[0,0],"13":[0,0]},"_coverageSchema":"1a1c01bbd47fc00a2c39e90264f33305004495a9","hash":"6f1d45960493004a4a532c14f93d5aada8007dd2"}
,"D:\\Kuliah\\MBKM\\Sem5-Alterra\\Code\\17_React-Testing\\praktikum\\src\\components\\product-list.jsx": {"path":"D:\\Kuliah\\MBKM\\Sem5-Alterra\\Code\\17_React-Testing\\praktikum\\src\\components\\product-list.jsx","statementMap":{"0":{"start":{"line":8,"column":18},"end":{"line":8,"column":31}},"1":{"start":{"line":9,"column":18},"end":{"line":9,"column":55}},"2":{"start":{"line":9,"column":41},"end":{"line":9,"column":54}},"3":{"start":{"line":10,"column":18},"end":{"line":10,"column":31}},"4":{"start":{"line":12,"column":57},"end":{"line":12,"column":72}},"5":{"start":{"line":13,"column":43},"end":{"line":13,"column":58}},"6":{"start":{"line":14,"column":47},"end":{"line":14,"column":61}},"7":{"start":{"line":16,"column":1},"end":{"line":22,"column":23}},"8":{"start":{"line":17,"column":2},"end":{"line":21,"column":3}},"9":{"start":{"line":18,"column":3},"end":{"line":18,"column":33}},"10":{"start":{"line":20,"column":3},"end":{"line":20,"column":34}},"11":{"start":{"line":24,"column":22},"end":{"line":33,"column":2}},"12":{"start":{"line":25,"column":23},"end":{"line":27,"column":3}},"13":{"start":{"line":29,"column":2},"end":{"line":32,"column":3}},"14":{"start":{"line":30,"column":3},"end":{"line":30,"column":47}},"15":{"start":{"line":31,"column":3},"end":{"line":31,"column":42}},"16":{"start":{"line":35,"column":20},"end":{"line":39,"column":2}},"17":{"start":{"line":36,"column":24},"end":{"line":36,"column":63}},"18":{"start":{"line":36,"column":48},"end":{"line":36,"column":62}},"19":{"start":{"line":37,"column":2},"end":{"line":37,"column":36}},"20":{"start":{"line":38,"column":2},"end":{"line":38,"column":25}},"21":{"start":{"line":41,"column":29},"end":{"line":43,"column":2}},"22":{"start":{"line":42,"column":2},"end":{"line":42,"column":29}},"23":{"start":{"line":45,"column":1},"end":{"line":180,"column":3}},"24":{"start":{"line":93,"column":8},"end":{"line":151,"column":10}},"25":{"start":{"line":132,"column":28},"end":{"line":132,"column":49}},"26":{"start":{"line":138,"column":28},"end":{"line":138,"column":47}},"27":{"start":{"line":144,"column":28},"end":{"line":144,"column":56}}},"fnMap":{"0":{"name":"ProductList","decl":{"start":{"line":7,"column":9},"end":{"line":7,"column":20}},"loc":{"start":{"line":7,"column":23},"end":{"line":181,"column":1}},"line":7},"1":{"name":"(anonymous_1)","decl":{"start":{"line":9,"column":30},"end":{"line":9,"column":31}},"loc":{"start":{"line":9,"column":41},"end":{"line":9,"column":54}},"line":9},"2":{"name":"(anonymous_2)","decl":{"start":{"line":16,"column":11},"end":{"line":16,"column":12}},"loc":{"start":{"line":16,"column":17},"end":{"line":22,"column":2}},"line":16},"3":{"name":"(anonymous_3)","decl":{"start":{"line":24,"column":22},"end":{"line":24,"column":23}},"loc":{"start":{"line":24,"column":30},"end":{"line":33,"column":2}},"line":24},"4":{"name":"(anonymous_4)","decl":{"start":{"line":35,"column":20},"end":{"line":35,"column":21}},"loc":{"start":{"line":35,"column":28},"end":{"line":39,"column":2}},"line":35},"5":{"name":"(anonymous_5)","decl":{"start":{"line":36,"column":38},"end":{"line":36,"column":39}},"loc":{"start":{"line":36,"column":48},"end":{"line":36,"column":62}},"line":36},"6":{"name":"(anonymous_6)","decl":{"start":{"line":41,"column":29},"end":{"line":41,"column":30}},"loc":{"start":{"line":41,"column":37},"end":{"line":43,"column":2}},"line":41},"7":{"name":"(anonymous_7)","decl":{"start":{"line":92,"column":21},"end":{"line":92,"column":22}},"loc":{"start":{"line":92,"column":31},"end":{"line":152,"column":8}},"line":92},"8":{"name":"(anonymous_8)","decl":{"start":{"line":132,"column":22},"end":{"line":132,"column":23}},"loc":{"start":{"line":132,"column":28},"end":{"line":132,"column":49}},"line":132},"9":{"name":"(anonymous_9)","decl":{"start":{"line":138,"column":22},"end":{"line":138,"column":23}},"loc":{"start":{"line":138,"column":28},"end":{"line":138,"column":47}},"line":138},"10":{"name":"(anonymous_10)","decl":{"start":{"line":144,"column":22},"end":{"line":144,"column":23}},"loc":{"start":{"line":144,"column":28},"end":{"line":144,"column":56}},"line":144}},"branchMap":{"0":{"loc":{"start":{"line":17,"column":2},"end":{"line":21,"column":3}},"type":"if","locations":[{"start":{"line":17,"column":2},"end":{"line":21,"column":3}},{"start":{"line":19,"column":9},"end":{"line":21,"column":3}}],"line":17},"1":{"loc":{"start":{"line":29,"column":2},"end":{"line":32,"column":3}},"type":"if","locations":[{"start":{"line":29,"column":2},"end":{"line":32,"column":3}},{"start":{},"end":{}}],"line":29},"2":{"loc":{"start":{"line":153,"column":8},"end":{"line":165,"column":8}},"type":"binary-expr","locations":[{"start":{"line":153,"column":8},"end":{"line":153,"column":28}},{"start":{"line":154,"column":8},"end":{"line":164,"column":13}}],"line":153},"3":{"loc":{"start":{"line":171,"column":4},"end":{"line":178,"column":4}},"type":"binary-expr","locations":[{"start":{"line":171,"column":4},"end":{"line":171,"column":19}},{"start":{"line":172,"column":4},"end":{"line":177,"column":6}}],"line":171}},"s":{"0":12,"1":12,"2":20,"3":12,"4":12,"5":12,"6":12,"7":12,"8":8,"9":0,"10":8,"11":12,"12":0,"13":0,"14":0,"15":0,"16":12,"17":0,"18":0,"19":0,"20":0,"21":12,"22":0,"23":12,"24":15,"25":0,"26":0,"27":0},"f":{"0":12,"1":20,"2":8,"3":0,"4":0,"5":0,"6":0,"7":15,"8":0,"9":0,"10":0},"b":{"0":[0,8],"1":[0,0],"2":[12,0],"3":[12,0]},"_coverageSchema":"1a1c01bbd47fc00a2c39e90264f33305004495a9","hash":"d071f91c34ab7033729b4e17b53ac7d01c38685e"}
,"D:\\Kuliah\\MBKM\\Sem5-Alterra\\Code\\17_React-Testing\\praktikum\\src\\pages\\product-page.jsx": {"path":"D:\\Kuliah\\MBKM\\Sem5-Alterra\\Code\\17_React-Testing\\praktikum\\src\\pages\\product-page.jsx","statementMap":{"0":{"start":{"line":10,"column":18},"end":{"line":10,"column":31}},"1":{"start":{"line":16,"column":5},"end":{"line":27,"column":3}},"2":{"start":{"line":29,"column":18},"end":{"line":32,"column":2}},"3":{"start":{"line":30,"column":2},"end":{"line":30,"column":21}},"4":{"start":{"line":31,"column":2},"end":{"line":31,"column":38}},"5":{"start":{"line":34,"column":27},"end":{"line":36,"column":2}},"6":{"start":{"line":35,"column":2},"end":{"line":35,"column":52}},"7":{"start":{"line":38,"column":1},"end":{"line":327,"column":3}},"8":{"start":{"line":68,"column":10},"end":{"line":77,"column":12}},"9":{"start":{"line":96,"column":10},"end":{"line":109,"column":19}},"10":{"start":{"line":135,"column":10},"end":{"line":153,"column":12}},"11":{"start":{"line":144,"column":25},"end":{"line":144,"column":42}},"12":{"start":{"line":145,"column":12},"end":{"line":151,"column":13}},"13":{"start":{"line":146,"column":28},"end":{"line":146,"column":44}},"14":{"start":{"line":147,"column":13},"end":{"line":149,"column":15}},"15":{"start":{"line":148,"column":14},"end":{"line":148,"column":44}},"16":{"start":{"line":150,"column":13},"end":{"line":150,"column":40}},"17":{"start":{"line":174,"column":10},"end":{"line":229,"column":16}},"18":{"start":{"line":183,"column":30},"end":{"line":183,"column":60}},"19":{"start":{"line":201,"column":30},"end":{"line":201,"column":60}},"20":{"start":{"line":219,"column":30},"end":{"line":219,"column":60}},"21":{"start":{"line":252,"column":10},"end":{"line":261,"column":12}},"22":{"start":{"line":291,"column":10},"end":{"line":301,"column":12}}},"fnMap":{"0":{"name":"ProductForm","decl":{"start":{"line":9,"column":9},"end":{"line":9,"column":20}},"loc":{"start":{"line":9,"column":23},"end":{"line":328,"column":1}},"line":9},"1":{"name":"(anonymous_1)","decl":{"start":{"line":29,"column":18},"end":{"line":29,"column":19}},"loc":{"start":{"line":29,"column":28},"end":{"line":32,"column":2}},"line":29},"2":{"name":"(anonymous_2)","decl":{"start":{"line":34,"column":27},"end":{"line":34,"column":28}},"loc":{"start":{"line":34,"column":38},"end":{"line":36,"column":2}},"line":34},"3":{"name":"(anonymous_3)","decl":{"start":{"line":67,"column":17},"end":{"line":67,"column":18}},"loc":{"start":{"line":68,"column":10},"end":{"line":77,"column":12}},"line":68},"4":{"name":"(anonymous_4)","decl":{"start":{"line":95,"column":17},"end":{"line":95,"column":18}},"loc":{"start":{"line":96,"column":10},"end":{"line":109,"column":19}},"line":96},"5":{"name":"(anonymous_5)","decl":{"start":{"line":134,"column":17},"end":{"line":134,"column":18}},"loc":{"start":{"line":135,"column":10},"end":{"line":153,"column":12}},"line":135},"6":{"name":"(anonymous_6)","decl":{"start":{"line":143,"column":21},"end":{"line":143,"column":22}},"loc":{"start":{"line":143,"column":28},"end":{"line":152,"column":12}},"line":143},"7":{"name":"(anonymous_7)","decl":{"start":{"line":147,"column":32},"end":{"line":147,"column":33}},"loc":{"start":{"line":147,"column":38},"end":{"line":149,"column":14}},"line":147},"8":{"name":"(anonymous_8)","decl":{"start":{"line":173,"column":17},"end":{"line":173,"column":18}},"loc":{"start":{"line":174,"column":10},"end":{"line":229,"column":16}},"line":174},"9":{"name":"(anonymous_9)","decl":{"start":{"line":183,"column":23},"end":{"line":183,"column":24}},"loc":{"start":{"line":183,"column":30},"end":{"line":183,"column":60}},"line":183},"10":{"name":"(anonymous_10)","decl":{"start":{"line":201,"column":23},"end":{"line":201,"column":24}},"loc":{"start":{"line":201,"column":30},"end":{"line":201,"column":60}},"line":201},"11":{"name":"(anonymous_11)","decl":{"start":{"line":219,"column":23},"end":{"line":219,"column":24}},"loc":{"start":{"line":219,"column":30},"end":{"line":219,"column":60}},"line":219},"12":{"name":"(anonymous_12)","decl":{"start":{"line":251,"column":17},"end":{"line":251,"column":18}},"loc":{"start":{"line":252,"column":10},"end":{"line":261,"column":12}},"line":252},"13":{"name":"(anonymous_13)","decl":{"start":{"line":290,"column":17},"end":{"line":290,"column":18}},"loc":{"start":{"line":291,"column":10},"end":{"line":301,"column":12}},"line":291}},"branchMap":{"0":{"loc":{"start":{"line":35,"column":9},"end":{"line":35,"column":51}},"type":"binary-expr","locations":[{"start":{"line":35,"column":9},"end":{"line":35,"column":16}},{"start":{"line":35,"column":20},"end":{"line":35,"column":51}}],"line":35},"1":{"loc":{"start":{"line":74,"column":12},"end":{"line":74,"column":43}},"type":"cond-expr","locations":[{"start":{"line":74,"column":26},"end":{"line":74,"column":38}},{"start":{"line":74,"column":41},"end":{"line":74,"column":43}}],"line":74},"2":{"loc":{"start":{"line":80,"column":9},"end":{"line":82,"column":9}},"type":"binary-expr","locations":[{"start":{"line":80,"column":9},"end":{"line":80,"column":20}},{"start":{"line":81,"column":9},"end":{"line":81,"column":70}}],"line":80},"3":{"loc":{"start":{"line":101,"column":12},"end":{"line":101,"column":47}},"type":"cond-expr","locations":[{"start":{"line":101,"column":30},"end":{"line":101,"column":42}},{"start":{"line":101,"column":45},"end":{"line":101,"column":47}}],"line":101},"4":{"loc":{"start":{"line":112,"column":9},"end":{"line":119,"column":9}},"type":"binary-expr","locations":[{"start":{"line":112,"column":9},"end":{"line":112,"column":24}},{"start":{"line":113,"column":9},"end":{"line":118,"column":15}}],"line":112},"5":{"loc":{"start":{"line":140,"column":12},"end":{"line":140,"column":44}},"type":"cond-expr","locations":[{"start":{"line":140,"column":27},"end":{"line":140,"column":39}},{"start":{"line":140,"column":42},"end":{"line":140,"column":44}}],"line":140},"6":{"loc":{"start":{"line":145,"column":12},"end":{"line":151,"column":13}},"type":"if","locations":[{"start":{"line":145,"column":12},"end":{"line":151,"column":13}},{"start":{},"end":{}}],"line":145},"7":{"loc":{"start":{"line":156,"column":9},"end":{"line":158,"column":9}},"type":"binary-expr","locations":[{"start":{"line":156,"column":9},"end":{"line":156,"column":21}},{"start":{"line":157,"column":9},"end":{"line":157,"column":71}}],"line":156},"8":{"loc":{"start":{"line":232,"column":9},"end":{"line":236,"column":9}},"type":"binary-expr","locations":[{"start":{"line":232,"column":9},"end":{"line":232,"column":25}},{"start":{"line":233,"column":9},"end":{"line":235,"column":15}}],"line":232},"9":{"loc":{"start":{"line":257,"column":12},"end":{"line":257,"column":50}},"type":"cond-expr","locations":[{"start":{"line":257,"column":33},"end":{"line":257,"column":45}},{"start":{"line":257,"column":48},"end":{"line":257,"column":50}}],"line":257},"10":{"loc":{"start":{"line":264,"column":9},"end":{"line":268,"column":9}},"type":"binary-expr","locations":[{"start":{"line":264,"column":9},"end":{"line":264,"column":27}},{"start":{"line":265,"column":9},"end":{"line":267,"column":15}}],"line":264},"11":{"loc":{"start":{"line":297,"column":12},"end":{"line":297,"column":44}},"type":"cond-expr","locations":[{"start":{"line":297,"column":27},"end":{"line":297,"column":39}},{"start":{"line":297,"column":42},"end":{"line":297,"column":44}}],"line":297},"12":{"loc":{"start":{"line":304,"column":9},"end":{"line":306,"column":9}},"type":"binary-expr","locations":[{"start":{"line":304,"column":9},"end":{"line":304,"column":21}},{"start":{"line":305,"column":9},"end":{"line":305,"column":71}}],"line":304}},"s":{"0":10,"1":10,"2":10,"3":0,"4":0,"5":10,"6":5,"7":10,"8":13,"9":11,"10":10,"11":2,"12":2,"13":2,"14":2,"15":1,"16":2,"17":14,"18":2,"19":1,"20":1,"21":11,"22":11},"f":{"0":10,"1":0,"2":5,"3":13,"4":11,"5":10,"6":2,"7":1,"8":14,"9":2,"10":1,"11":1,"12":11,"13":11},"b":{"0":[5,1],"1":[4,9],"2":[10,3],"3":[1,10],"4":[10,1],"5":[1,9],"6":[2,0],"7":[10,1],"8":[10,1],"9":[1,10],"10":[10,1],"11":[1,10],"12":[10,1]},"_coverageSchema":"1a1c01bbd47fc00a2c39e90264f33305004495a9","hash":"99bbc68067fc934bede9ec80461e900ec9dfd73d"}
,"D:\\Kuliah\\MBKM\\Sem5-Alterra\\Code\\17_React-Testing\\praktikum\\src\\store\\index.js": {"path":"D:\\Kuliah\\MBKM\\Sem5-Alterra\\Code\\17_React-Testing\\praktikum\\src\\store\\index.js","statementMap":{"0":{"start":{"line":6,"column":14},"end":{"line":12,"column":2}}},"fnMap":{},"branchMap":{},"s":{"0":1},"f":{},"b":{},"_coverageSchema":"1a1c01bbd47fc00a2c39e90264f33305004495a9","hash":"3a7bd6f6590d2e97bf12716ab335f275bfe0512b"}
,"D:\\Kuliah\\MBKM\\Sem5-Alterra\\Code\\17_React-Testing\\praktikum\\src\\store\\account\\account-list.js": {"path":"D:\\Kuliah\\MBKM\\Sem5-Alterra\\Code\\17_React-Testing\\praktikum\\src\\store\\account\\account-list.js","statementMap":{"0":{"start":{"line":3,"column":27},"end":{"line":9,"column":1}},"1":{"start":{"line":11,"column":25},"end":{"line":19,"column":2}},"2":{"start":{"line":16,"column":12},"end":{"line":16,"column":39}},"3":{"start":{"line":21,"column":43},"end":{"line":21,"column":67}}},"fnMap":{"0":{"name":"(anonymous_0)","decl":{"start":{"line":15,"column":33},"end":{"line":15,"column":34}},"loc":{"start":{"line":15,"column":52},"end":{"line":17,"column":9}},"line":15}},"branchMap":{},"s":{"0":1,"1":1,"2":0,"3":1},"f":{"0":0},"b":{},"_coverageSchema":"1a1c01bbd47fc00a2c39e90264f33305004495a9","hash":"88cf5f64bc4d6002b12836ba4a2f2bda80063206"}
,"D:\\Kuliah\\MBKM\\Sem5-Alterra\\Code\\17_React-Testing\\praktikum\\src\\store\\account\\current-account.js": {"path":"D:\\Kuliah\\MBKM\\Sem5-Alterra\\Code\\17_React-Testing\\praktikum\\src\\store\\account\\current-account.js","statementMap":{"0":{"start":{"line":3,"column":30},"end":{"line":3,"column":34}},"1":{"start":{"line":5,"column":28},"end":{"line":24,"column":2}},"2":{"start":{"line":10,"column":33},"end":{"line":10,"column":47}},"3":{"start":{"line":12,"column":12},"end":{"line":15,"column":13}},"4":{"start":{"line":13,"column":16},"end":{"line":13,"column":86}},"5":{"start":{"line":14,"column":16},"end":{"line":14,"column":36}},"6":{"start":{"line":17,"column":12},"end":{"line":17,"column":24}},"7":{"start":{"line":20,"column":12},"end":{"line":20,"column":55}},"8":{"start":{"line":21,"column":12},"end":{"line":21,"column":24}},"9":{"start":{"line":26,"column":60},"end":{"line":26,"column":87}}},"fnMap":{"0":{"name":"(anonymous_0)","decl":{"start":{"line":9,"column":28},"end":{"line":9,"column":29}},"loc":{"start":{"line":9,"column":47},"end":{"line":18,"column":9}},"line":9},"1":{"name":"(anonymous_1)","decl":{"start":{"line":19,"column":30},"end":{"line":19,"column":31}},"loc":{"start":{"line":19,"column":36},"end":{"line":22,"column":9}},"line":19}},"branchMap":{"0":{"loc":{"start":{"line":12,"column":12},"end":{"line":15,"column":13}},"type":"if","locations":[{"start":{"line":12,"column":12},"end":{"line":15,"column":13}},{"start":{},"end":{}}],"line":12}},"s":{"0":1,"1":1,"2":0,"3":0,"4":0,"5":0,"6":0,"7":0,"8":0,"9":1},"f":{"0":0,"1":0},"b":{"0":[0,0]},"_coverageSchema":"1a1c01bbd47fc00a2c39e90264f33305004495a9","hash":"67491651c0d0b84f08f63d36882c0375f14e79f6"}
,"D:\\Kuliah\\MBKM\\Sem5-Alterra\\Code\\17_React-Testing\\praktikum\\src\\store\\product\\payload.js": {"path":"D:\\Kuliah\\MBKM\\Sem5-Alterra\\Code\\17_React-Testing\\praktikum\\src\\store\\product\\payload.js","statementMap":{"0":{"start":{"line":3,"column":28},"end":{"line":35,"column":2}},"1":{"start":{"line":18,"column":3},"end":{"line":18,"column":25}},"2":{"start":{"line":21,"column":3},"end":{"line":21,"column":30}},"3":{"start":{"line":24,"column":21},"end":{"line":24,"column":35}},"4":{"start":{"line":25,"column":3},"end":{"line":25,"column":56}},"5":{"start":{"line":25,"column":33},"end":{"line":25,"column":54}},"6":{"start":{"line":28,"column":37},"end":{"line":28,"column":51}},"7":{"start":{"line":29,"column":17},"end":{"line":29,"column":58}},"8":{"start":{"line":29,"column":43},"end":{"line":29,"column":57}},"9":{"start":{"line":30,"column":3},"end":{"line":32,"column":4}},"10":{"start":{"line":31,"column":4},"end":{"line":31,"column":61}},"11":{"start":{"line":42,"column":4},"end":{"line":42,"column":31}}},"fnMap":{"0":{"name":"(anonymous_0)","decl":{"start":{"line":17,"column":14},"end":{"line":17,"column":15}},"loc":{"start":{"line":17,"column":26},"end":{"line":19,"column":3}},"line":17},"1":{"name":"(anonymous_1)","decl":{"start":{"line":20,"column":23},"end":{"line":20,"column":24}},"loc":{"start":{"line":20,"column":42},"end":{"line":22,"column":3}},"line":20},"2":{"name":"(anonymous_2)","decl":{"start":{"line":23,"column":28},"end":{"line":23,"column":29}},"loc":{"start":{"line":23,"column":47},"end":{"line":26,"column":3}},"line":23},"3":{"name":"(anonymous_3)","decl":{"start":{"line":25,"column":23},"end":{"line":25,"column":24}},"loc":{"start":{"line":25,"column":33},"end":{"line":25,"column":54}},"line":25},"4":{"name":"(anonymous_4)","decl":{"start":{"line":27,"column":26},"end":{"line":27,"column":27}},"loc":{"start":{"line":27,"column":45},"end":{"line":33,"column":3}},"line":27},"5":{"name":"(anonymous_5)","decl":{"start":{"line":29,"column":33},"end":{"line":29,"column":34}},"loc":{"start":{"line":29,"column":43},"end":{"line":29,"column":57}},"line":29}},"branchMap":{"0":{"loc":{"start":{"line":30,"column":3},"end":{"line":32,"column":4}},"type":"if","locations":[{"start":{"line":30,"column":3},"end":{"line":32,"column":4}},{"start":{},"end":{}}],"line":30}},"s":{"0":1,"1":0,"2":1,"3":0,"4":0,"5":0,"6":0,"7":0,"8":0,"9":0,"10":0,"11":1},"f":{"0":0,"1":1,"2":0,"3":0,"4":0,"5":0},"b":{"0":[0,0]},"_coverageSchema":"1a1c01bbd47fc00a2c39e90264f33305004495a9","hash":"29bbed2458d4d28601c122df786890047bc0dea2"}
}
