TN:
SF:src\components\product-edit-modal.jsx
FN:8,ProductEditModal
FN:18,(anonymous_1)
FN:31,(anonymous_2)
FN:35,(anonymous_3)
FN:60,(anonymous_4)
FN:118,(anonymous_5)
FN:151,(anonymous_6)
FN:179,(anonymous_7)
FN:191,(anonymous_8)
FN:195,(anonymous_9)
FN:228,(anonymous_10)
FN:263,(anonymous_11)
FN:271,(anonymous_12)
FN:287,(anonymous_13)
FN:303,(anonymous_14)
FN:340,(anonymous_15)
FNF:16
FNH:0
FNDA:0,ProductEditModal
FNDA:0,(anonymous_1)
FNDA:0,(anonymous_2)
FNDA:0,(anonymous_3)
FNDA:0,(anonymous_4)
FNDA:0,(anonymous_5)
FNDA:0,(anonymous_6)
FNDA:0,(anonymous_7)
FNDA:0,(anonymous_8)
FNDA:0,(anonymous_9)
FNDA:0,(anonymous_10)
FNDA:0,(anonymous_11)
FNDA:0,(anonymous_12)
FNDA:0,(anonymous_13)
FNDA:0,(anonymous_14)
FNDA:0,(anonymous_15)
DA:9,0
DA:16,0
DA:18,0
DA:19,0
DA:20,0
DA:26,0
DA:27,0
DA:31,0
DA:32,0
DA:35,0
DA:36,0
DA:37,0
DA:38,0
DA:41,0
DA:60,0
DA:119,0
DA:152,0
DA:180,0
DA:192,0
DA:193,0
DA:194,0
DA:195,0
DA:196,0
DA:198,0
DA:229,0
DA:264,0
DA:271,0
DA:287,0
DA:303,0
DA:341,0
LF:30
LH:0
BRDA:19,0,0,0
BRDA:19,0,1,0
BRDA:32,1,0,0
BRDA:32,1,1,0
BRDA:43,2,0,0
BRDA:43,2,1,0
BRDA:45,3,0,0
BRDA:45,3,1,0
BRDA:123,4,0,0
BRDA:123,4,1,0
BRDA:128,5,0,0
BRDA:128,5,1,0
BRDA:154,6,0,0
BRDA:154,6,1,0
BRDA:165,7,0,0
BRDA:165,7,1,0
BRDA:193,8,0,0
BRDA:193,8,1,0
BRDA:233,9,0,0
BRDA:233,9,1,0
BRDA:238,10,0,0
BRDA:238,10,1,0
BRDA:313,11,0,0
BRDA:313,11,1,0
BRDA:344,12,0,0
BRDA:344,12,1,0
BRDA:350,13,0,0
BRDA:350,13,1,0
BRF:28
BRH:0
end_of_record
TN:
SF:src\components\product-list.jsx
FN:7,ProductList
FN:9,(anonymous_1)
FN:16,(anonymous_2)
FN:24,(anonymous_3)
FN:35,(anonymous_4)
FN:36,(anonymous_5)
FN:41,(anonymous_6)
FN:92,(anonymous_7)
FN:132,(anonymous_8)
FN:138,(anonymous_9)
FN:144,(anonymous_10)
FNF:11
FNH:4
FNDA:12,ProductList
FNDA:20,(anonymous_1)
FNDA:8,(anonymous_2)
FNDA:0,(anonymous_3)
FNDA:0,(anonymous_4)
FNDA:0,(anonymous_5)
FNDA:0,(anonymous_6)
FNDA:15,(anonymous_7)
FNDA:0,(anonymous_8)
FNDA:0,(anonymous_9)
FNDA:0,(anonymous_10)
DA:8,12
DA:9,20
DA:10,12
DA:12,12
DA:13,12
DA:14,12
DA:16,12
DA:17,8
DA:18,0
DA:20,8
DA:24,12
DA:25,0
DA:29,0
DA:30,0
DA:31,0
DA:35,12
DA:36,0
DA:37,0
DA:38,0
DA:41,12
DA:42,0
DA:45,12
DA:93,15
DA:132,0
DA:138,0
DA:144,0
LF:26
LH:14
BRDA:17,0,0,0
BRDA:17,0,1,8
BRDA:29,1,0,0
BRDA:29,1,1,0
BRDA:153,2,0,12
BRDA:153,2,1,0
BRDA:171,3,0,12
BRDA:171,3,1,0
BRF:8
BRH:3
end_of_record
TN:
SF:src\pages\product-page.jsx
FN:9,ProductForm
FN:29,(anonymous_1)
FN:34,(anonymous_2)
FN:67,(anonymous_3)
FN:95,(anonymous_4)
FN:134,(anonymous_5)
FN:143,(anonymous_6)
FN:147,(anonymous_7)
FN:173,(anonymous_8)
FN:183,(anonymous_9)
FN:201,(anonymous_10)
FN:219,(anonymous_11)
FN:251,(anonymous_12)
FN:290,(anonymous_13)
FNF:14
FNH:13
FNDA:10,ProductForm
FNDA:0,(anonymous_1)
FNDA:5,(anonymous_2)
FNDA:13,(anonymous_3)
FNDA:11,(anonymous_4)
FNDA:10,(anonymous_5)
FNDA:2,(anonymous_6)
FNDA:1,(anonymous_7)
FNDA:14,(anonymous_8)
FNDA:2,(anonymous_9)
FNDA:1,(anonymous_10)
FNDA:1,(anonymous_11)
FNDA:11,(anonymous_12)
FNDA:11,(anonymous_13)
DA:10,10
DA:16,10
DA:29,10
DA:30,0
DA:31,0
DA:34,10
DA:35,5
DA:38,10
DA:68,13
DA:96,11
DA:135,10
DA:144,2
DA:145,2
DA:146,2
DA:147,2
DA:148,1
DA:150,2
DA:174,14
DA:183,2
DA:201,1
DA:219,1
DA:252,11
DA:291,11
LF:23
LH:21
BRDA:35,0,0,5
BRDA:35,0,1,1
BRDA:74,1,0,4
BRDA:74,1,1,9
BRDA:80,2,0,10
BRDA:80,2,1,3
BRDA:101,3,0,1
BRDA:101,3,1,10
BRDA:112,4,0,10
BRDA:112,4,1,1
BRDA:140,5,0,1
BRDA:140,5,1,9
BRDA:145,6,0,2
BRDA:145,6,1,0
BRDA:156,7,0,10
BRDA:156,7,1,1
BRDA:232,8,0,10
BRDA:232,8,1,1
BRDA:257,9,0,1
BRDA:257,9,1,10
BRDA:264,10,0,10
BRDA:264,10,1,1
BRDA:297,11,0,1
BRDA:297,11,1,10
BRDA:304,12,0,10
BRDA:304,12,1,1
BRF:26
BRH:25
end_of_record
TN:
SF:src\store\index.js
FNF:0
FNH:0
DA:6,1
LF:1
LH:1
BRF:0
BRH:0
end_of_record
TN:
SF:src\store\account\account-list.js
FN:15,(anonymous_0)
FNF:1
FNH:0
FNDA:0,(anonymous_0)
DA:3,1
DA:11,1
DA:16,0
DA:21,1
LF:4
LH:3
BRF:0
BRH:0
end_of_record
TN:
SF:src\store\account\current-account.js
FN:9,(anonymous_0)
FN:19,(anonymous_1)
FNF:2
FNH:0
FNDA:0,(anonymous_0)
FNDA:0,(anonymous_1)
DA:3,1
DA:5,1
DA:10,0
DA:12,0
DA:13,0
DA:14,0
DA:17,0
DA:20,0
DA:21,0
DA:26,1
LF:10
LH:3
BRDA:12,0,0,0
BRDA:12,0,1,0
BRF:2
BRH:0
end_of_record
TN:
SF:src\store\product\payload.js
FN:17,(anonymous_0)
FN:20,(anonymous_1)
FN:23,(anonymous_2)
FN:25,(anonymous_3)
FN:27,(anonymous_4)
FN:29,(anonymous_5)
FNF:6
FNH:1
FNDA:0,(anonymous_0)
FNDA:1,(anonymous_1)
FNDA:0,(anonymous_2)
FNDA:0,(anonymous_3)
FNDA:0,(anonymous_4)
FNDA:0,(anonymous_5)
DA:3,1
DA:18,0
DA:21,1
DA:24,0
DA:25,0
DA:28,0
DA:29,0
DA:30,0
DA:31,0
DA:42,1
LF:10
LH:3
BRDA:30,0,0,0
BRDA:30,0,1,0
BRF:2
BRH:0
end_of_record
